<?xml version="1.0" encoding="UTF-8"?>
<!-- Generated by org.testng.reporters.JUnitReportReporter -->
<testsuite skipped="0" hostname="WKSWUPUN0264" name="com.automation.testcases.LoginTest" tests="1" failures="0" timestamp="20 Jun 2019 08:57:07 GMT" time="14.189" errors="0">
  <testcase name="LoginToEDGEPortal" time="14.189" classname="com.automation.testcases.LoginTest"/>
</testsuite> <!-- com.automation.testcases.LoginTest -->
