<?xml version="1.0" encoding="UTF-8"?>
<!-- Generated by org.testng.reporters.JUnitReportReporter -->
<testsuite skipped="0" hostname="WKSWUPUN0264" name="com.automation.testcases.LoginTest" tests="1" failures="0" timestamp="18 Jun 2019 05:57:11 GMT" time="10.948" errors="0">
  <testcase name="LoginToEDGEPortal" time="10.948" classname="com.automation.testcases.LoginTest"/>
</testsuite> <!-- com.automation.testcases.LoginTest -->
